2025-08-04 22:57:01,556 [Worker-4: Loading available Gradle versions] INFO  o.e.b.c.i.u.g.PublishedGradleVersions - Gradle version information cache is not available. Remote download required.
2025-08-04 23:00:52,338 [Worker-1: Import Getting Started Content] INFO  o.e.m.c.i.l.LifecycleMappingFactory - Using org.eclipse.m2e.jdt.JarLifecycleMapping lifecycle mapping for MavenProject: com.lifeassist-:lifeassist-user-service:0.0.1-SNAPSHOT @ C:\Users\Hasnat Alam\OneDrive\Desktop\JAVA\LifeAssist-Healthcare Plateform\lifeassist\microservices\lifeassist-user-service\pom.xml.
2025-08-04 23:00:54,639 [Worker-1: Import Getting Started Content] INFO  o.e.m.j.i.AbstractJavaProjectConfigurator - Adding source folder /lifeassist-user-service/src/main/java
2025-08-04 23:00:54,642 [Worker-1: Import Getting Started Content] INFO  o.e.m.j.i.AbstractJavaProjectConfigurator - Adding resource folder /lifeassist-user-service/src/main/resources
2025-08-04 23:00:54,648 [Worker-1: Import Getting Started Content] INFO  o.e.m.j.i.AbstractJavaProjectConfigurator - Adding resource folder /lifeassist-user-service/src/main/resources
2025-08-04 23:00:54,653 [Worker-1: Import Getting Started Content] INFO  o.e.m.j.i.AbstractJavaProjectConfigurator - Adding source folder /lifeassist-user-service/src/test/java
2025-08-04 23:00:54,655 [Worker-1: Import Getting Started Content] INFO  o.e.m.j.i.AbstractJavaProjectConfigurator - Adding resource folder /lifeassist-user-service/src/test/resources
2025-08-04 23:00:56,864 [Worker-1: Import Getting Started Content] INFO  o.e.m.c.i.p.ProjectConfigurationManager - Imported and configured 1 project(s) in 6 sec
2025-08-04 23:00:56,870 [Worker-1: Import Getting Started Content] INFO  o.e.m.c.i.p.ProjectConfigurationManager - Update started
2025-08-04 23:00:57,582 [Worker-1: Import Getting Started Content] INFO  o.e.m.c.i.l.LifecycleMappingFactory - Using org.eclipse.m2e.jdt.JarLifecycleMapping lifecycle mapping for MavenProject: com.lifeassist-:lifeassist-user-service:0.0.1-SNAPSHOT @ C:\Users\Hasnat Alam\OneDrive\Desktop\JAVA\LifeAssist-Healthcare Plateform\lifeassist\microservices\lifeassist-user-service\pom.xml.
2025-08-04 23:00:58,754 [Worker-1: Import Getting Started Content] INFO  o.e.m.j.i.AbstractJavaProjectConfigurator - Adding source folder /lifeassist-user-service/src/main/java
2025-08-04 23:00:58,756 [Worker-1: Import Getting Started Content] INFO  o.e.m.j.i.AbstractJavaProjectConfigurator - Adding resource folder /lifeassist-user-service/src/main/resources
2025-08-04 23:00:58,757 [Worker-1: Import Getting Started Content] INFO  o.e.m.j.i.AbstractJavaProjectConfigurator - Adding resource folder /lifeassist-user-service/src/main/resources
2025-08-04 23:00:58,758 [Worker-1: Import Getting Started Content] INFO  o.e.m.j.i.AbstractJavaProjectConfigurator - Adding source folder /lifeassist-user-service/src/test/java
2025-08-04 23:00:58,760 [Worker-1: Import Getting Started Content] INFO  o.e.m.j.i.AbstractJavaProjectConfigurator - Adding resource folder /lifeassist-user-service/src/test/resources
2025-08-04 23:00:59,679 [Worker-1: Import Getting Started Content] INFO  o.e.m.c.i.p.ProjectConfigurationManager - Update completed for 1 poms: local refresh takes 0.00 sec, refresh facades takes 1.00 sec, update config takes 0.00 sec 
2025-08-04 23:01:01,572 [Worker-11: Building] INFO  o.a.m.s.f.DefaultMavenResourcesFiltering - Copying 1 resource from src\main\resources to target\classes
2025-08-04 23:01:01,601 [Worker-11: Building] INFO  o.a.m.s.f.DefaultMavenResourcesFiltering - Copying 0 resource from src\main\resources to target\classes
2025-08-04 23:01:01,610 [Worker-11: Building] INFO  o.a.m.s.f.DefaultMavenResourcesFiltering - skip non existing resourceDirectory C:\Users\Hasnat Alam\OneDrive\Desktop\JAVA\LifeAssist-Healthcare Plateform\lifeassist\microservices\lifeassist-user-service\src\test\resources
2025-08-05 15:35:40,294 [Worker-4: Loading available Gradle versions] INFO  o.e.b.c.i.u.g.PublishedGradleVersions - Gradle version information cache is up-to-date. Trying to read.
2025-08-05 15:36:07,089 [Worker-9: Building] INFO  o.a.m.s.f.DefaultMavenResourcesFiltering - Copying 1 resource from src\main\resources to target\classes
2025-08-05 15:36:07,166 [Worker-9: Building] INFO  o.a.m.s.f.DefaultMavenResourcesFiltering - Copying 0 resource from src\main\resources to target\classes
2025-08-05 15:36:07,186 [Worker-9: Building] INFO  o.a.m.s.f.DefaultMavenResourcesFiltering - skip non existing resourceDirectory C:\Users\Hasnat Alam\OneDrive\Desktop\JAVA\LifeAssist-Healthcare Plateform\lifeassist\microservices\lifeassist-user-service\src\test\resources
2025-08-05 15:39:18,691 [Worker-11: Building] INFO  o.a.m.s.f.DefaultMavenResourcesFiltering - Copying 1 resource from src\main\resources to target\classes
2025-08-05 15:39:18,700 [Worker-11: Building] INFO  o.a.m.s.f.DefaultMavenResourcesFiltering - Copying 0 resource from src\main\resources to target\classes
2025-08-05 15:39:18,706 [Worker-11: Building] INFO  o.a.m.s.f.DefaultMavenResourcesFiltering - skip non existing resourceDirectory C:\Users\Hasnat Alam\OneDrive\Desktop\JAVA\LifeAssist-Healthcare Plateform\lifeassist\microservices\lifeassist-user-service\src\test\resources
2025-08-05 15:41:59,896 [Worker-6: Building] INFO  o.a.m.s.f.DefaultMavenResourcesFiltering - Copying 1 resource from src\main\resources to target\classes
2025-08-05 15:41:59,907 [Worker-6: Building] INFO  o.a.m.s.f.DefaultMavenResourcesFiltering - Copying 0 resource from src\main\resources to target\classes
2025-08-05 15:41:59,912 [Worker-6: Building] INFO  o.a.m.s.f.DefaultMavenResourcesFiltering - skip non existing resourceDirectory C:\Users\Hasnat Alam\OneDrive\Desktop\JAVA\LifeAssist-Healthcare Plateform\lifeassist\microservices\lifeassist-user-service\src\test\resources
2025-08-05 15:47:18,670 [Worker-12: Building] INFO  o.a.m.s.f.DefaultMavenResourcesFiltering - Copying 1 resource from src\main\resources to target\classes
2025-08-05 15:47:18,688 [Worker-12: Building] INFO  o.a.m.s.f.DefaultMavenResourcesFiltering - Copying 0 resource from src\main\resources to target\classes
2025-08-05 15:47:18,696 [Worker-12: Building] INFO  o.a.m.s.f.DefaultMavenResourcesFiltering - skip non existing resourceDirectory C:\Users\Hasnat Alam\OneDrive\Desktop\JAVA\LifeAssist-Healthcare Plateform\lifeassist\microservices\lifeassist-user-service\src\test\resources
2025-08-05 15:47:33,434 [Worker-1: Building] INFO  o.a.m.s.f.DefaultMavenResourcesFiltering - Copying 1 resource from src\main\resources to target\classes
2025-08-05 15:47:33,446 [Worker-1: Building] INFO  o.a.m.s.f.DefaultMavenResourcesFiltering - Copying 0 resource from src\main\resources to target\classes
2025-08-05 15:47:33,455 [Worker-1: Building] INFO  o.a.m.s.f.DefaultMavenResourcesFiltering - skip non existing resourceDirectory C:\Users\Hasnat Alam\OneDrive\Desktop\JAVA\LifeAssist-Healthcare Plateform\lifeassist\microservices\lifeassist-user-service\src\test\resources
2025-08-05 15:48:07,476 [Worker-10: Building] INFO  o.a.m.s.f.DefaultMavenResourcesFiltering - Copying 1 resource from src\main\resources to target\classes
2025-08-05 15:48:08,458 [Worker-10: Building] INFO  o.a.m.s.f.DefaultMavenResourcesFiltering - Copying 0 resource from src\main\resources to target\classes
2025-08-05 15:48:08,467 [Worker-10: Building] INFO  o.a.m.s.f.DefaultMavenResourcesFiltering - skip non existing resourceDirectory C:\Users\Hasnat Alam\OneDrive\Desktop\JAVA\LifeAssist-Healthcare Plateform\lifeassist\microservices\lifeassist-user-service\src\test\resources
