2025-08-04 21:58:18,867 [Worker-7: Loading available Gradle versions] INFO  o.e.b.c.i.u.g.PublishedGradleVersions - Gradle version information cache is not available. Remote download required.
2025-08-04 22:06:27,603 [Worker-10: Import Getting Started Content] INFO  o.e.m.c.i.l.LifecycleMappingFactory - Using org.eclipse.m2e.jdt.JarLifecycleMapping lifecycle mapping for MavenProject: com.lifeassist:lifeassist-discovery-service:0.0.1-SNAPSHOT @ C:\Users\Hasnat Alam\OneDrive\Desktop\JAVA\MyJavaProjects\LifeAssist-Healthcare_Technology\infrastructure\lifeassist-discovery-service\pom.xml.
2025-08-04 22:06:37,020 [Worker-10: Import Getting Started Content] INFO  o.e.m.j.i.AbstractJavaProjectConfigurator - Adding source folder /lifeassist-discovery-service/src/main/java
2025-08-04 22:06:37,023 [Worker-10: Import Getting Started Content] INFO  o.e.m.j.i.AbstractJavaProjectConfigurator - Adding resource folder /lifeassist-discovery-service/src/main/resources
2025-08-04 22:06:37,073 [Worker-10: Import Getting Started Content] INFO  o.e.m.j.i.AbstractJavaProjectConfigurator - Adding resource folder /lifeassist-discovery-service/src/main/resources
2025-08-04 22:06:37,101 [Worker-10: Import Getting Started Content] INFO  o.e.m.j.i.AbstractJavaProjectConfigurator - Adding source folder /lifeassist-discovery-service/src/test/java
2025-08-04 22:06:37,104 [Worker-10: Import Getting Started Content] INFO  o.e.m.j.i.AbstractJavaProjectConfigurator - Adding resource folder /lifeassist-discovery-service/src/test/resources
2025-08-04 22:06:44,461 [Worker-10: Import Getting Started Content] INFO  o.e.m.c.i.p.ProjectConfigurationManager - Imported and configured 1 project(s) in 22 sec
2025-08-04 22:06:44,466 [Worker-10: Import Getting Started Content] INFO  o.e.m.c.i.p.ProjectConfigurationManager - Update started
2025-08-04 22:06:45,062 [Worker-10: Import Getting Started Content] INFO  o.e.m.c.i.l.LifecycleMappingFactory - Using org.eclipse.m2e.jdt.JarLifecycleMapping lifecycle mapping for MavenProject: com.lifeassist:lifeassist-discovery-service:0.0.1-SNAPSHOT @ C:\Users\Hasnat Alam\OneDrive\Desktop\JAVA\MyJavaProjects\LifeAssist-Healthcare_Technology\infrastructure\lifeassist-discovery-service\pom.xml.
2025-08-04 22:06:46,411 [Worker-10: Import Getting Started Content] INFO  o.e.m.j.i.AbstractJavaProjectConfigurator - Adding source folder /lifeassist-discovery-service/src/main/java
2025-08-04 22:06:46,413 [Worker-10: Import Getting Started Content] INFO  o.e.m.j.i.AbstractJavaProjectConfigurator - Adding resource folder /lifeassist-discovery-service/src/main/resources
2025-08-04 22:06:46,415 [Worker-10: Import Getting Started Content] INFO  o.e.m.j.i.AbstractJavaProjectConfigurator - Adding resource folder /lifeassist-discovery-service/src/main/resources
2025-08-04 22:06:46,415 [Worker-10: Import Getting Started Content] INFO  o.e.m.j.i.AbstractJavaProjectConfigurator - Adding source folder /lifeassist-discovery-service/src/test/java
2025-08-04 22:06:46,417 [Worker-10: Import Getting Started Content] INFO  o.e.m.j.i.AbstractJavaProjectConfigurator - Adding resource folder /lifeassist-discovery-service/src/test/resources
2025-08-04 22:06:46,999 [Worker-10: Import Getting Started Content] INFO  o.e.m.c.i.p.ProjectConfigurationManager - Update completed for 1 poms: local refresh takes 0.00 sec, refresh facades takes 1.00 sec, update config takes 0.00 sec 
2025-08-04 22:06:47,604 [Worker-8: Building] INFO  o.a.m.s.f.DefaultMavenResourcesFiltering - Copying 1 resource from src\main\resources to target\classes
2025-08-04 22:06:47,627 [Worker-8: Building] INFO  o.a.m.s.f.DefaultMavenResourcesFiltering - Copying 0 resource from src\main\resources to target\classes
2025-08-04 22:06:47,635 [Worker-8: Building] INFO  o.a.m.s.f.DefaultMavenResourcesFiltering - skip non existing resourceDirectory C:\Users\Hasnat Alam\OneDrive\Desktop\JAVA\MyJavaProjects\LifeAssist-Healthcare_Technology\infrastructure\lifeassist-discovery-service\src\test\resources
2025-08-04 22:07:56,465 [Worker-11: Building] INFO  o.a.m.s.f.DefaultMavenResourcesFiltering - Copying 1 resource from src\main\resources to target\classes
2025-08-04 22:07:56,487 [Worker-11: Building] INFO  o.a.m.s.f.DefaultMavenResourcesFiltering - Copying 0 resource from src\main\resources to target\classes
2025-08-04 22:07:56,506 [Worker-11: Building] INFO  o.a.m.s.f.DefaultMavenResourcesFiltering - skip non existing resourceDirectory C:\Users\Hasnat Alam\OneDrive\Desktop\JAVA\MyJavaProjects\LifeAssist-Healthcare_Technology\infrastructure\lifeassist-discovery-service\src\test\resources
2025-08-04 22:38:56,065 [Worker-1: Loading available Gradle versions] INFO  o.e.b.c.i.u.g.PublishedGradleVersions - Gradle version information cache is up-to-date. Trying to read.
2025-08-04 22:43:30,896 [Worker-4: Building] INFO  o.a.m.s.f.DefaultMavenResourcesFiltering - Copying 1 resource from src\main\resources to target\classes
2025-08-04 22:43:30,924 [Worker-4: Building] INFO  o.a.m.s.f.DefaultMavenResourcesFiltering - Copying 0 resource from src\main\resources to target\classes
2025-08-04 22:43:30,931 [Worker-4: Building] INFO  o.a.m.s.f.DefaultMavenResourcesFiltering - skip non existing resourceDirectory C:\Users\Hasnat Alam\OneDrive\Desktop\JAVA\LifeAssist-Healthcare Plateform\lifeassist\infrastructure\lifeassist-discovery-service\src\test\resources
2025-08-04 22:44:04,947 [Worker-13: Building] INFO  o.a.m.s.f.DefaultMavenResourcesFiltering - Copying 1 resource from src\main\resources to target\classes
2025-08-04 22:44:04,958 [Worker-13: Building] INFO  o.a.m.s.f.DefaultMavenResourcesFiltering - Copying 0 resource from src\main\resources to target\classes
2025-08-04 22:44:04,963 [Worker-13: Building] INFO  o.a.m.s.f.DefaultMavenResourcesFiltering - skip non existing resourceDirectory C:\Users\Hasnat Alam\OneDrive\Desktop\JAVA\LifeAssist-Healthcare Plateform\lifeassist\infrastructure\lifeassist-discovery-service\src\test\resources
2025-08-04 22:47:05,088 [Worker-19: Building] INFO  o.a.m.s.f.DefaultMavenResourcesFiltering - Copying 1 resource from src\main\resources to target\classes
2025-08-04 22:47:05,102 [Worker-19: Building] INFO  o.a.m.s.f.DefaultMavenResourcesFiltering - Copying 0 resource from src\main\resources to target\classes
2025-08-04 22:47:05,108 [Worker-19: Building] INFO  o.a.m.s.f.DefaultMavenResourcesFiltering - skip non existing resourceDirectory C:\Users\Hasnat Alam\OneDrive\Desktop\JAVA\LifeAssist-Healthcare Plateform\lifeassist\infrastructure\lifeassist-discovery-service\src\test\resources
2025-08-04 22:52:01,145 [Worker-4: Import Getting Started Content] INFO  o.e.m.c.i.l.LifecycleMappingFactory - Using org.eclipse.m2e.jdt.JarLifecycleMapping lifecycle mapping for MavenProject: com.lifeassist:lifeassist-admin-server:0.0.1-SNAPSHOT @ C:\Users\Hasnat Alam\OneDrive\Desktop\JAVA\LifeAssist-Healthcare Plateform\lifeassist\infrastructure\lifeassist-admin-server\pom.xml.
2025-08-04 22:52:03,804 [Worker-4: Import Getting Started Content] INFO  o.e.m.j.i.AbstractJavaProjectConfigurator - Adding source folder /lifeassist-admin-server/src/main/java
2025-08-04 22:52:03,807 [Worker-4: Import Getting Started Content] INFO  o.e.m.j.i.AbstractJavaProjectConfigurator - Adding resource folder /lifeassist-admin-server/src/main/resources
2025-08-04 22:52:03,814 [Worker-4: Import Getting Started Content] INFO  o.e.m.j.i.AbstractJavaProjectConfigurator - Adding resource folder /lifeassist-admin-server/src/main/resources
2025-08-04 22:52:03,819 [Worker-4: Import Getting Started Content] INFO  o.e.m.j.i.AbstractJavaProjectConfigurator - Adding source folder /lifeassist-admin-server/src/test/java
2025-08-04 22:52:03,821 [Worker-4: Import Getting Started Content] INFO  o.e.m.j.i.AbstractJavaProjectConfigurator - Adding resource folder /lifeassist-admin-server/src/test/resources
2025-08-04 22:52:08,038 [Worker-4: Import Getting Started Content] INFO  o.e.m.c.i.p.ProjectConfigurationManager - Imported and configured 1 project(s) in 8 sec
2025-08-04 22:52:08,059 [Worker-4: Import Getting Started Content] INFO  o.e.m.c.i.p.ProjectConfigurationManager - Update started
2025-08-04 22:52:09,220 [Worker-4: Import Getting Started Content] INFO  o.e.m.c.i.l.LifecycleMappingFactory - Using org.eclipse.m2e.jdt.JarLifecycleMapping lifecycle mapping for MavenProject: com.lifeassist:lifeassist-admin-server:0.0.1-SNAPSHOT @ C:\Users\Hasnat Alam\OneDrive\Desktop\JAVA\LifeAssist-Healthcare Plateform\lifeassist\infrastructure\lifeassist-admin-server\pom.xml.
2025-08-04 22:52:10,807 [Worker-4: Import Getting Started Content] INFO  o.e.m.j.i.AbstractJavaProjectConfigurator - Adding source folder /lifeassist-admin-server/src/main/java
2025-08-04 22:52:10,810 [Worker-4: Import Getting Started Content] INFO  o.e.m.j.i.AbstractJavaProjectConfigurator - Adding resource folder /lifeassist-admin-server/src/main/resources
2025-08-04 22:52:10,812 [Worker-4: Import Getting Started Content] INFO  o.e.m.j.i.AbstractJavaProjectConfigurator - Adding resource folder /lifeassist-admin-server/src/main/resources
2025-08-04 22:52:10,814 [Worker-4: Import Getting Started Content] INFO  o.e.m.j.i.AbstractJavaProjectConfigurator - Adding source folder /lifeassist-admin-server/src/test/java
2025-08-04 22:52:10,816 [Worker-4: Import Getting Started Content] INFO  o.e.m.j.i.AbstractJavaProjectConfigurator - Adding resource folder /lifeassist-admin-server/src/test/resources
2025-08-04 22:52:11,544 [Worker-4: Import Getting Started Content] INFO  o.e.m.c.i.p.ProjectConfigurationManager - Update completed for 1 poms: local refresh takes 0.00 sec, refresh facades takes 2.00 sec, update config takes 0.00 sec 
2025-08-04 22:52:12,372 [Worker-22: Building] INFO  o.a.m.s.f.DefaultMavenResourcesFiltering - Copying 1 resource from src\main\resources to target\classes
2025-08-04 22:52:12,387 [Worker-22: Building] INFO  o.a.m.s.f.DefaultMavenResourcesFiltering - Copying 0 resource from src\main\resources to target\classes
2025-08-04 22:52:12,406 [Worker-22: Building] INFO  o.a.m.s.f.DefaultMavenResourcesFiltering - skip non existing resourceDirectory C:\Users\Hasnat Alam\OneDrive\Desktop\JAVA\LifeAssist-Healthcare Plateform\lifeassist\infrastructure\lifeassist-admin-server\src\test\resources
2025-08-04 22:53:04,268 [Worker-17: Building] INFO  o.e.m.c.i.l.LifecycleMappingFactory - Using org.eclipse.m2e.jdt.JarLifecycleMapping lifecycle mapping for MavenProject: com.lifeassist:lifeassist-discovery-service:0.0.1-SNAPSHOT @ C:\Users\Hasnat Alam\OneDrive\Desktop\JAVA\LifeAssist-Healthcare Plateform\lifeassist\infrastructure\lifeassist-discovery-service\pom.xml.
2025-08-04 22:53:04,770 [Worker-17: Building] INFO  o.a.m.s.f.DefaultMavenResourcesFiltering - Copying 0 resource from src\main\resources to target\classes
2025-08-04 22:53:04,771 [Worker-17: Building] INFO  o.a.m.s.f.DefaultMavenResourcesFiltering - Copying 0 resource from src\main\resources to target\classes
2025-08-04 22:53:04,775 [Worker-17: Building] INFO  o.a.m.s.f.DefaultMavenResourcesFiltering - skip non existing resourceDirectory C:\Users\Hasnat Alam\OneDrive\Desktop\JAVA\LifeAssist-Healthcare Plateform\lifeassist\infrastructure\lifeassist-discovery-service\src\test\resources
2025-08-04 22:53:06,252 [Worker-4: Building] INFO  o.a.m.s.f.DefaultMavenResourcesFiltering - Copying 1 resource from src\main\resources to target\classes
2025-08-04 22:53:06,286 [Worker-4: Building] INFO  o.a.m.s.f.DefaultMavenResourcesFiltering - Copying 0 resource from src\main\resources to target\classes
2025-08-04 22:53:06,292 [Worker-4: Building] INFO  o.a.m.s.f.DefaultMavenResourcesFiltering - skip non existing resourceDirectory C:\Users\Hasnat Alam\OneDrive\Desktop\JAVA\LifeAssist-Healthcare Plateform\lifeassist\infrastructure\lifeassist-discovery-service\src\test\resources
2025-08-04 22:53:41,328 [Worker-19: Building] INFO  o.e.m.c.i.l.LifecycleMappingFactory - Using org.eclipse.m2e.jdt.JarLifecycleMapping lifecycle mapping for MavenProject: com.lifeassist:lifeassist-discovery-service:0.0.1-SNAPSHOT @ C:\Users\Hasnat Alam\OneDrive\Desktop\JAVA\LifeAssist-Healthcare Plateform\lifeassist\infrastructure\lifeassist-discovery-service\pom.xml.
2025-08-04 22:53:42,534 [Worker-19: Building] INFO  o.a.m.s.f.DefaultMavenResourcesFiltering - Copying 0 resource from src\main\resources to target\classes
2025-08-04 22:53:42,535 [Worker-19: Building] INFO  o.a.m.s.f.DefaultMavenResourcesFiltering - Copying 0 resource from src\main\resources to target\classes
2025-08-04 22:53:42,539 [Worker-19: Building] INFO  o.a.m.s.f.DefaultMavenResourcesFiltering - skip non existing resourceDirectory C:\Users\Hasnat Alam\OneDrive\Desktop\JAVA\LifeAssist-Healthcare Plateform\lifeassist\infrastructure\lifeassist-discovery-service\src\test\resources
2025-08-04 22:53:43,916 [Worker-17: Building] INFO  o.a.m.s.f.DefaultMavenResourcesFiltering - Copying 1 resource from src\main\resources to target\classes
2025-08-04 22:53:43,945 [Worker-17: Building] INFO  o.a.m.s.f.DefaultMavenResourcesFiltering - Copying 0 resource from src\main\resources to target\classes
2025-08-04 22:53:43,952 [Worker-17: Building] INFO  o.a.m.s.f.DefaultMavenResourcesFiltering - skip non existing resourceDirectory C:\Users\Hasnat Alam\OneDrive\Desktop\JAVA\LifeAssist-Healthcare Plateform\lifeassist\infrastructure\lifeassist-discovery-service\src\test\resources
2025-08-04 22:55:35,724 [Worker-19: Building] INFO  o.a.m.s.f.DefaultMavenResourcesFiltering - Copying 1 resource from src\main\resources to target\classes
2025-08-04 22:55:35,729 [Worker-19: Building] INFO  o.a.m.s.f.DefaultMavenResourcesFiltering - Copying 0 resource from src\main\resources to target\classes
2025-08-04 22:55:35,732 [Worker-19: Building] INFO  o.a.m.s.f.DefaultMavenResourcesFiltering - skip non existing resourceDirectory C:\Users\Hasnat Alam\OneDrive\Desktop\JAVA\LifeAssist-Healthcare Plateform\lifeassist\infrastructure\lifeassist-admin-server\src\test\resources
2025-08-04 22:55:55,843 [Worker-19: Building] INFO  o.a.m.s.f.DefaultMavenResourcesFiltering - Copying 1 resource from src\main\resources to target\classes
2025-08-04 22:55:55,848 [Worker-19: Building] INFO  o.a.m.s.f.DefaultMavenResourcesFiltering - Copying 0 resource from src\main\resources to target\classes
2025-08-04 22:55:55,852 [Worker-19: Building] INFO  o.a.m.s.f.DefaultMavenResourcesFiltering - skip non existing resourceDirectory C:\Users\Hasnat Alam\OneDrive\Desktop\JAVA\LifeAssist-Healthcare Plateform\lifeassist\infrastructure\lifeassist-admin-server\src\test\resources
2025-08-05 15:46:39,316 [Worker-5: Loading available Gradle versions] INFO  o.e.b.c.i.u.g.PublishedGradleVersions - Gradle version information cache is out-of-date. Trying to update.
2025-08-05 15:50:04,038 [Worker-23: Building] INFO  o.a.m.s.f.DefaultMavenResourcesFiltering - Copying 1 resource from src\main\resources to target\classes
2025-08-05 15:50:04,099 [Worker-23: Building] INFO  o.a.m.s.f.DefaultMavenResourcesFiltering - Copying 0 resource from src\main\resources to target\classes
2025-08-05 15:50:04,115 [Worker-23: Building] INFO  o.a.m.s.f.DefaultMavenResourcesFiltering - skip non existing resourceDirectory C:\Users\Hasnat Alam\OneDrive\Desktop\JAVA\LifeAssist-Healthcare Plateform\lifeassist\infrastructure\lifeassist-admin-server\src\test\resources
2025-08-05 15:59:21,724 [Worker-4: Building] INFO  o.e.m.c.i.l.LifecycleMappingFactory - Using org.eclipse.m2e.jdt.JarLifecycleMapping lifecycle mapping for MavenProject: com.lifeassist:lifeassist-admin-server:0.0.1-SNAPSHOT @ C:\Users\Hasnat Alam\OneDrive\Desktop\JAVA\LifeAssist-Healthcare Plateform\lifeassist\infrastructure\lifeassist-admin-server\pom.xml.
2025-08-05 15:59:23,498 [Worker-4: Building] INFO  o.a.m.s.f.DefaultMavenResourcesFiltering - Copying 0 resource from src\main\resources to target\classes
2025-08-05 15:59:23,499 [Worker-4: Building] INFO  o.a.m.s.f.DefaultMavenResourcesFiltering - Copying 0 resource from src\main\resources to target\classes
2025-08-05 15:59:23,505 [Worker-4: Building] INFO  o.a.m.s.f.DefaultMavenResourcesFiltering - skip non existing resourceDirectory C:\Users\Hasnat Alam\OneDrive\Desktop\JAVA\LifeAssist-Healthcare Plateform\lifeassist\infrastructure\lifeassist-admin-server\src\test\resources
2025-08-05 15:59:23,730 [Worker-28: Updating Maven Project] INFO  o.e.m.c.i.p.ProjectConfigurationManager - Update started
2025-08-05 15:59:24,450 [Worker-28: Updating Maven Project] INFO  o.e.m.c.i.l.LifecycleMappingFactory - Using org.eclipse.m2e.jdt.JarLifecycleMapping lifecycle mapping for MavenProject: com.lifeassist:lifeassist-admin-server:0.0.1-SNAPSHOT @ C:\Users\Hasnat Alam\OneDrive\Desktop\JAVA\LifeAssist-Healthcare Plateform\lifeassist\infrastructure\lifeassist-admin-server\pom.xml.
2025-08-05 15:59:25,914 [Worker-28: Updating Maven Project] INFO  o.e.m.j.i.AbstractJavaProjectConfigurator - Adding source folder /lifeassist-admin-server/src/main/java
2025-08-05 15:59:25,919 [Worker-28: Updating Maven Project] INFO  o.e.m.j.i.AbstractJavaProjectConfigurator - Adding resource folder /lifeassist-admin-server/src/main/resources
2025-08-05 15:59:25,920 [Worker-28: Updating Maven Project] INFO  o.e.m.j.i.AbstractJavaProjectConfigurator - Adding resource folder /lifeassist-admin-server/src/main/resources
2025-08-05 15:59:25,921 [Worker-28: Updating Maven Project] INFO  o.e.m.j.i.AbstractJavaProjectConfigurator - Adding source folder /lifeassist-admin-server/src/test/java
2025-08-05 15:59:25,922 [Worker-28: Updating Maven Project] INFO  o.e.m.j.i.AbstractJavaProjectConfigurator - Adding resource folder /lifeassist-admin-server/src/test/resources
2025-08-05 15:59:26,840 [Worker-28: Updating Maven Project] INFO  o.e.m.c.i.p.ProjectConfigurationManager - Update completed for 1 poms: local refresh takes 0.00 sec, refresh facades takes 1.00 sec, update config takes 1.00 sec 
2025-08-05 15:59:26,844 [Worker-4: Updating Maven Project] INFO  o.e.m.c.i.p.ProjectConfigurationManager - Update started
2025-08-05 15:59:27,293 [Worker-4: Updating Maven Project] INFO  o.e.m.c.i.l.LifecycleMappingFactory - Using org.eclipse.m2e.jdt.JarLifecycleMapping lifecycle mapping for MavenProject: com.lifeassist:lifeassist-admin-server:0.0.1-SNAPSHOT @ C:\Users\Hasnat Alam\OneDrive\Desktop\JAVA\LifeAssist-Healthcare Plateform\lifeassist\infrastructure\lifeassist-admin-server\pom.xml.
2025-08-05 15:59:28,794 [Worker-4: Updating Maven Project] INFO  o.e.m.j.i.AbstractJavaProjectConfigurator - Adding source folder /lifeassist-admin-server/src/main/java
2025-08-05 15:59:28,795 [Worker-4: Updating Maven Project] INFO  o.e.m.j.i.AbstractJavaProjectConfigurator - Adding resource folder /lifeassist-admin-server/src/main/resources
2025-08-05 15:59:28,796 [Worker-4: Updating Maven Project] INFO  o.e.m.j.i.AbstractJavaProjectConfigurator - Adding resource folder /lifeassist-admin-server/src/main/resources
2025-08-05 15:59:28,797 [Worker-4: Updating Maven Project] INFO  o.e.m.j.i.AbstractJavaProjectConfigurator - Adding source folder /lifeassist-admin-server/src/test/java
2025-08-05 15:59:28,798 [Worker-4: Updating Maven Project] INFO  o.e.m.j.i.AbstractJavaProjectConfigurator - Adding resource folder /lifeassist-admin-server/src/test/resources
2025-08-05 15:59:29,212 [Worker-4: Updating Maven Project] INFO  o.e.m.c.i.p.ProjectConfigurationManager - Update completed for 1 poms: local refresh takes 0.00 sec, refresh facades takes 1.00 sec, update config takes 0.00 sec 
2025-08-05 15:59:29,535 [Worker-29: Building] INFO  o.a.m.s.f.DefaultMavenResourcesFiltering - Copying 1 resource from src\main\resources to target\classes
2025-08-05 15:59:29,548 [Worker-29: Building] INFO  o.a.m.s.f.DefaultMavenResourcesFiltering - Copying 0 resource from src\main\resources to target\classes
2025-08-05 15:59:29,552 [Worker-29: Building] INFO  o.a.m.s.f.DefaultMavenResourcesFiltering - skip non existing resourceDirectory C:\Users\Hasnat Alam\OneDrive\Desktop\JAVA\LifeAssist-Healthcare Plateform\lifeassist\infrastructure\lifeassist-admin-server\src\test\resources
2025-08-05 16:06:58,422 [Worker-30: Building] INFO  o.a.m.s.f.DefaultMavenResourcesFiltering - Copying 1 resource from src\main\resources to target\classes
2025-08-05 16:06:58,430 [Worker-30: Building] INFO  o.a.m.s.f.DefaultMavenResourcesFiltering - Copying 0 resource from src\main\resources to target\classes
2025-08-05 16:06:58,434 [Worker-30: Building] INFO  o.a.m.s.f.DefaultMavenResourcesFiltering - skip non existing resourceDirectory C:\Users\Hasnat Alam\OneDrive\Desktop\JAVA\LifeAssist-Healthcare Plateform\lifeassist\infrastructure\lifeassist-admin-server\src\test\resources
2025-08-05 16:07:26,758 [Worker-31: Building] INFO  o.a.m.s.f.DefaultMavenResourcesFiltering - Copying 1 resource from src\main\resources to target\classes
2025-08-05 16:07:26,783 [Worker-31: Building] INFO  o.a.m.s.f.DefaultMavenResourcesFiltering - Copying 0 resource from src\main\resources to target\classes
2025-08-05 16:07:26,787 [Worker-31: Building] INFO  o.a.m.s.f.DefaultMavenResourcesFiltering - skip non existing resourceDirectory C:\Users\Hasnat Alam\OneDrive\Desktop\JAVA\LifeAssist-Healthcare Plateform\lifeassist\infrastructure\lifeassist-admin-server\src\test\resources
2025-08-05 16:10:37,452 [Worker-30: Building] INFO  o.a.m.s.f.DefaultMavenResourcesFiltering - Copying 1 resource from src\main\resources to target\classes
2025-08-05 16:10:37,459 [Worker-30: Building] INFO  o.a.m.s.f.DefaultMavenResourcesFiltering - Copying 0 resource from src\main\resources to target\classes
2025-08-05 16:10:37,462 [Worker-30: Building] INFO  o.a.m.s.f.DefaultMavenResourcesFiltering - skip non existing resourceDirectory C:\Users\Hasnat Alam\OneDrive\Desktop\JAVA\LifeAssist-Healthcare Plateform\lifeassist\infrastructure\lifeassist-admin-server\src\test\resources
